<?xml version="1.0" encoding="UTF-8"?>
<!-- Generated by org.testng.reporters.JUnitReportReporter -->
<testsuite hostname="DESKTOP-OKJ6GLG" name="com.qa.Base.TestBase" tests="1" failures="0" timestamp="11 Sep 2020 18:17:59 GMT" time="11.295" errors="0">
  <testcase name="inti" time="11.295" classname="com.qa.Base.TestBase"/>
</testsuite> <!-- com.qa.Base.TestBase -->
