<?xml version="1.0" encoding="UTF-8"?>
<!-- Generated by org.testng.reporters.JUnitReportReporter -->
<testsuite hostname="DESKTOP-OKJ6GLG" name="com.qa.Base.demopro" tests="1" failures="0" timestamp="8 Sep 2020 17:48:55 GMT" time="0.043" errors="0">
  <testcase name="pro" time="0.043" classname="com.qa.Base.demopro"/>
</testsuite> <!-- com.qa.Base.demopro -->
