<?xml version="1.0" encoding="UTF-8"?>
<!-- Generated by org.testng.reporters.JUnitReportReporter -->
<testsuite hostname="DESKTOP-OKJ6GLG" name="com.qa.TestCases.Google_02_PageTest" tests="12" failures="0" timestamp="11 Sep 2020 19:11:44 GMT" time="253.867" errors="0">
  <testcase name="verifyTranslate" time="21.296" classname="com.qa.TestCases.Google_02_PageTest"/>
  <testcase name="verifysearch" time="20.892" classname="com.qa.TestCases.Google_02_PageTest"/>
  <testcase name="verifyPhotos" time="21.831" classname="com.qa.TestCases.Google_02_PageTest"/>
  <testcase name="verifyDuo" time="20.843" classname="com.qa.TestCases.Google_02_PageTest"/>
  <testcase name="verifyNews" time="20.996" classname="com.qa.TestCases.Google_02_PageTest"/>
  <testcase name="verifyMaps" time="18.813" classname="com.qa.TestCases.Google_02_PageTest"/>
  <testcase name="verifyMyAccount" time="21.539" classname="com.qa.TestCases.Google_02_PageTest"/>
  <testcase name="verifyGmail" time="19.470" classname="com.qa.TestCases.Google_02_PageTest"/>
  <testcase name="verifyDrive" time="21.134" classname="com.qa.TestCases.Google_02_PageTest"/>
  <testcase name="verifyCalender" time="29.124" classname="com.qa.TestCases.Google_02_PageTest"/>
  <testcase name="verifyYouTube" time="17.120" classname="com.qa.TestCases.Google_02_PageTest"/>
  <testcase name="verifyPlay" time="20.809" classname="com.qa.TestCases.Google_02_PageTest"/>
</testsuite> <!-- com.qa.TestCases.Google_02_PageTest -->
