<?xml version="1.0" encoding="UTF-8"?>
<!-- Generated by org.testng.reporters.JUnitReportReporter -->
<testsuite hostname="DESKTOP-OKJ6GLG" name="com.qa.TestCases.Google_03_PageTest" tests="1" failures="0" timestamp="12 Sep 2020 07:50:12 GMT" time="22.499" errors="0">
  <testcase name="verifyNews" time="22.499" classname="com.qa.TestCases.Google_03_PageTest"/>
</testsuite> <!-- com.qa.TestCases.Google_03_PageTest -->
