<?xml version="1.0" encoding="UTF-8"?>
<!-- Generated by org.testng.reporters.JUnitReportReporter -->
<testsuite hostname="DESKTOP-OKJ6GLG" name="com.qa.TestCases.Google_08_PageTest" tests="20" failures="0" timestamp="15 Sep 2020 09:35:18 GMT" time="303.826" errors="0">
  <testcase name="verifyAndroidOS" time="14.035" classname="com.qa.TestCases.Google_08_PageTest"/>
  <testcase name="verifyChromeWebStore" time="14.762" classname="com.qa.TestCases.Google_08_PageTest"/>
  <testcase name="verifyChromecast" time="13.679" classname="com.qa.TestCases.Google_08_PageTest"/>
  <testcase name="verifyConnectedHome" time="15.926" classname="com.qa.TestCases.Google_08_PageTest"/>
  <testcase name="verifyGmail" time="13.753" classname="com.qa.TestCases.Google_08_PageTest"/>
  <testcase name="verifyAndroidTv" time="21.591" classname="com.qa.TestCases.Google_08_PageTest"/>
  <testcase name="verifyAndroidApp" time="14.851" classname="com.qa.TestCases.Google_08_PageTest"/>
  <testcase name="verifyForms" time="14.885" classname="com.qa.TestCases.Google_08_PageTest"/>
  <testcase name="verifyGoogleAlerts" time="14.755" classname="com.qa.TestCases.Google_08_PageTest"/>
  <testcase name="verifyCardboard" time="15.755" classname="com.qa.TestCases.Google_08_PageTest"/>
  <testcase name="verifyChrome" time="14.537" classname="com.qa.TestCases.Google_08_PageTest"/>
  <testcase name="verifyGoogleCast" time="17.912" classname="com.qa.TestCases.Google_08_PageTest"/>
  <testcase name="verifyChromebook" time="14.640" classname="com.qa.TestCases.Google_08_PageTest"/>
  <testcase name="verifyGboard" time="14.118" classname="com.qa.TestCases.Google_08_PageTest"/>
  <testcase name="verifyGoogleAssistant" time="13.403" classname="com.qa.TestCases.Google_08_PageTest"/>
  <testcase name="verifyContacts" time="17.730" classname="com.qa.TestCases.Google_08_PageTest"/>
  <testcase name="verifyGoogleMeet" time="15.245" classname="com.qa.TestCases.Google_08_PageTest"/>
  <testcase name="verifyFinance" time="13.282" classname="com.qa.TestCases.Google_08_PageTest"/>
  <testcase name="verifyDocs" time="15.541" classname="com.qa.TestCases.Google_08_PageTest"/>
  <testcase name="verifyEarth" time="13.426" classname="com.qa.TestCases.Google_08_PageTest"/>
</testsuite> <!-- com.qa.TestCases.Google_08_PageTest -->
