<?xml version="1.0" encoding="UTF-8"?>
<!-- Generated by org.testng.reporters.JUnitReportReporter -->
<testsuite hostname="DESKTOP-OKJ6GLG" name="com.qa.Pages.Google_06_Page" tests="1" failures="0" timestamp="14 Sep 2020 15:10:03 GMT" time="18.430" errors="0">
  <testcase name="tearDown" time="18.430" classname="com.qa.Pages.Google_06_Page"/>
</testsuite> <!-- com.qa.Pages.Google_06_Page -->
