<?xml version="1.0" encoding="UTF-8"?>
<!-- Generated by org.testng.reporters.JUnitReportReporter -->
<testsuite hostname="DESKTOP-OKJ6GLG" name="com.qa.TestCases.Google_03_AccountPageTest" tests="1" failures="0" timestamp="13 Sep 2020 04:40:10 GMT" time="42.847" errors="0">
  <testcase name="verifyCalender" time="42.847" classname="com.qa.TestCases.Google_03_AccountPageTest"/>
</testsuite> <!-- com.qa.TestCases.Google_03_AccountPageTest -->
