<?xml version="1.0" encoding="UTF-8"?>
<!-- Generated by org.testng.reporters.JUnitReportReporter -->
<testsuite hostname="DESKTOP-OKJ6GLG" name="com.qa.TestCases.Google_06_PageTest" tests="1" failures="0" timestamp="14 Sep 2020 15:12:06 GMT" time="16.149" errors="0">
  <testcase name="tearDown" time="16.149" classname="com.qa.TestCases.Google_06_PageTest"/>
</testsuite> <!-- com.qa.TestCases.Google_06_PageTest -->
