<?xml version="1.0" encoding="UTF-8"?>
<!-- Generated by org.testng.reporters.JUnitReportReporter -->
<testsuite hostname="DESKTOP-OKJ6GLG" name="com.qa.Base.demo" tests="1" failures="0" timestamp="11 Sep 2020 18:13:11 GMT" time="13.053" errors="0">
  <testcase name="init" time="13.053" classname="com.qa.Base.demo"/>
</testsuite> <!-- com.qa.Base.demo -->
