<?xml version="1.0" encoding="UTF-8"?>
<!-- Generated by org.testng.reporters.JUnitReportReporter -->
<testsuite hostname="DESKTOP-OKJ6GLG" name="com.qa.GmailTestCases.Google_11_PageTest" tests="1" failures="0" timestamp="28 Oct 2020 16:10:20 GMT" time="74.817" errors="0">
  <testcase name="doLogin" time="74.817" classname="com.qa.GmailTestCases.Google_11_PageTest"/>
</testsuite> <!-- com.qa.GmailTestCases.Google_11_PageTest -->
