<?xml version="1.0" encoding="UTF-8"?>
<!-- Generated by org.testng.reporters.JUnitReportReporter -->
<testsuite skipped="0" hostname="DESKTOP-OKJ6GLG" name="com.qa.GmailTestCases.Google_11_PageTest" tests="1" failures="0" timestamp="2020-10-06T17:37:07 IST" time="39.173" errors="0">
  <testcase name="doLogin" time="39.173" classname="com.qa.GmailTestCases.Google_11_PageTest"/>
  <system-out/>
</testsuite> <!-- com.qa.GmailTestCases.Google_11_PageTest -->
